<?xml version="1.0" encoding="UTF-8" ?>
<testsuite errors="0" failures="0" hostname="803a6b1f226b" name="hiconic.rx.log.reflection.processing.StructuredLiveLogCollectorTest" skipped="0" tests="3" time="0.01" timestamp="2026-07-24T21:22:39">
  <properties />
  <testcase classname="hiconic.rx.log.reflection.processing.StructuredLiveLogCollectorTest" name="cursorContinuesAndRingBufferIsBounded" time="0.007" />
  <testcase classname="hiconic.rx.log.reflection.processing.StructuredLiveLogCollectorTest" name="capturesCanonicalRecordsAndFiltersThem" time="0.001" />
  <testcase classname="hiconic.rx.log.reflection.processing.StructuredLiveLogCollectorTest" name="filtersLoggerByCaseInsensitiveSubstring" time="0.001" />
  <system-out><![CDATA[]]></system-out>
  <system-err><![CDATA[]]></system-err>
</testsuite>
