<?xml version="1.0" encoding="UTF-8" ?>
<testsuite errors="0" failures="0" hostname="chaox" name="hiconic.rx.log.reflection.processing.LogClusterSupportTest" skipped="0" tests="2" time="0.045" timestamp="2026-07-24T15:48:48">
  <properties />
  <testcase classname="hiconic.rx.log.reflection.processing.LogClusterSupportTest" name="ordersStreamInventoryStablyByOriginAndName" time="0.008" />
  <testcase classname="hiconic.rx.log.reflection.processing.LogClusterSupportTest" name="mergesRecordsChronologicallyAndCarriesIndependentNodeCursors" time="0.033" />
  <system-out><![CDATA[]]></system-out>
  <system-err><![CDATA[]]></system-err>
</testsuite>
