<?xml version="1.0" encoding="UTF-8" ?>
<testsuite errors="0" failures="0" hostname="chaox" name="hiconic.rx.log.reflection.processing.LogFileReaderTest" skipped="0" tests="6" time="0.018" timestamp="2026-07-24T15:48:48">
  <properties />
  <testcase classname="hiconic.rx.log.reflection.processing.LogFileReaderTest" name="filtersParsedFilesByCaseInsensitiveLoggerSubstring" time="0.003" />
  <testcase classname="hiconic.rx.log.reflection.processing.LogFileReaderTest" name="canonicalizesJsonAndRetainsCustomProperties" time="0.006" />
  <testcase classname="hiconic.rx.log.reflection.processing.LogFileReaderTest" name="includesRotatedSegmentsInTheBoundedInitialHistory" time="0.001" />
  <testcase classname="hiconic.rx.log.reflection.processing.LogFileReaderTest" name="exposesUnknownFormatAsRawLineRecords" time="0.0" />
  <testcase classname="hiconic.rx.log.reflection.processing.LogFileReaderTest" name="parsesProventemPatternAndKeepsMultilineExceptionTogether" time="0.001" />
  <testcase classname="hiconic.rx.log.reflection.processing.LogFileReaderTest" name="continuesFromByteCursorAfterFileGrowth" time="0.002" />
  <system-out><![CDATA[]]></system-out>
  <system-err><![CDATA[]]></system-err>
</testsuite>
