<?xml version="1.0" encoding="UTF-8" ?>
<testsuite errors="0" failures="0" hostname="803a6b1f226b" name="hiconic.rx.log.reflection.processing.LogbackLogStreamInventoryTest" skipped="0" tests="4" time="0.096" timestamp="2026-07-24T21:22:39">
  <properties />
  <testcase classname="hiconic.rx.log.reflection.processing.LogbackLogStreamInventoryTest" name="createsAWebRpcReadyTransientZipResource" time="0.067" />
  <testcase classname="hiconic.rx.log.reflection.processing.LogbackLogStreamInventoryTest" name="reflectsSegmentsFromTheAppenderRollingPolicy" time="0.014" />
  <testcase classname="hiconic.rx.log.reflection.processing.LogbackLogStreamInventoryTest" name="reflectsPatternAppenderAndStructuredLiveStream" time="0.003" />
  <testcase classname="hiconic.rx.log.reflection.processing.LogbackLogStreamInventoryTest" name="streamsFilteredCanonicalJsonlIntoTheBundle" time="0.008" />
  <system-out><![CDATA[]]></system-out>
  <system-err><![CDATA[]]></system-err>
</testsuite>
