<?xml version="1.0" encoding="UTF-8" ?>
<testsuite errors="0" failures="0" hostname="803a6b1f226b" name="hiconic.rx.access.smood.module.test.SmoodAccessTest" skipped="0" tests="1" time="1.605" timestamp="2026-07-24T21:22:51">
  <properties />
  <testcase classname="hiconic.rx.access.smood.module.test.SmoodAccessTest" name="storesAndQueriesPolymorphicModelDataAcrossSessions" time="1.525">
    <system-out><![CDATA[21:22:51.958 [main] INFO com.braintribe.model.generic.annotation.meta.api.CustomMdaHandlerLoader -- [MdaHandler CP Loader] Successfully registered MdaHandler for annotation com.braintribe.model.generic.annotation.meta.Temporal and meta-data com.braintribe.model.meta.data.prompt.Temporal. Line: com.braintribe.model.generic.annotation.meta.Temporal,com.braintribe.model.meta.data.prompt.Temporal,value,temporalType, URL: jar:file:/__w/hiconic.platform.reflex/hiconic.platform.reflex/repo/com/braintribe/gm/gm-core-api/2.0.131/gm-core-api-2.0.131.jar!/META-INF/gmf.mda
21:22:52.189 [main] INFO com.braintribe.logging.level.persistence.FilesystemLogLevelPersistence -- Log level file /__w/hiconic.platform.reflex/hiconic.platform.reflex/git-repo/smood-access-rx-module-test/res/app/conf/log-levels-rt.properties does not exist, returning empty log levels
21:22:52.190 [main] INFO com.braintribe.logging.level.LogLevelManager -- Applied 0 effective log levels after clearing 1 configured log level.
21:22:52.350 [main] INFO com.braintribe.model.jvm.reflection.JvmGenericModelTypeReflection -- [PACKAGED MODELS] Models from classpath were initialized. URLs found: [jar:file:/__w/hiconic.platform.reflex/hiconic.platform.reflex/repo/com/braintribe/gm/absence-information-model/2.0.27/absence-information-model-2.0.27.jar!/model-declaration.xml, jar:file:/__w/hiconic.platform.reflex/hiconic.platform.reflex/repo/com/braintribe/gm/access-api-model/2.0.28/access-api-model-2.0.28.jar!/model-declaration.xml, jar:file:/__w/hiconic.platform.reflex/hiconic.platform.reflex/inst/hiconic/platform/reflex/access-configuration-model/1.0.7/access-configuration-model-1.0.7.jar!/model-declaration.xml, jar:file:/__w/hiconic.platform.reflex/hiconic.platform.reflex/repo/com/braintribe/gm/access-control-model/2.0.31/access-control-model-2.0.31.jar!/model-declaration.xml, jar:file:/__w/hiconic.platform.reflex/hiconic.platform.reflex/repo/hiconic/platform/reflex/access-processing-metadata-model/1.0.5/access-processing-metadata-model-1.0.5.jar!/model-declaration.xml, jar:file:/__w/hiconic.platform.reflex/hiconic.platform.reflex/repo/com/braintribe/gm/access-request-model/2.0.25/access-request-model-2.0.25.jar!/model-declaration.xml, jar:file:/__w/hiconic.platform.reflex/hiconic.platform.reflex/repo/com/braintribe/gm/access-service-api-model/2.0.30/access-service-api-model-2.0.30.jar!/model-declaration.xml, jar:file:/__w/hiconic.platform.reflex/hiconic.platform.reflex/repo/com/braintribe/gm/aop-access-api-model/2.0.14/aop-access-api-model-2.0.14.jar!/model-declaration.xml, jar:file:/__w/hiconic.platform.reflex/hiconic.platform.reflex/repo/com/braintribe/gm/aop-access-configuration-model/2.0.16/aop-access-configuration-model-2.0.16.jar!/model-declaration.xml, jar:file:/__w/hiconic.platform.reflex/hiconic.platform.reflex/repo/com/braintribe/gm/basic-meta-model/2.0.36/basic-meta-model-2.0.36.jar!/model-declaration.xml, jar:file:/__w/hiconic.platform.reflex/hiconic.platform.reflex/repo/com/braintribe/gm/basic-resource-model/2.0.29/basic-resource-model-2.0.29.jar!/model-declaration.xml, jar:file:/__w/hiconic.platform.reflex/hiconic.platform.reflex/repo/com/braintribe/gm/basic-value-descriptor-model/2.0.31/basic-value-descriptor-model-2.0.31.jar!/model-declaration.xml, jar:file:/__w/hiconic.platform.reflex/hiconic.platform.reflex/repo/com/braintribe/gm/cache-control-model/2.0.30/cache-control-model-2.0.30.jar!/model-declaration.xml, jar:file:/__w/hiconic.platform.reflex/hiconic.platform.reflex/repo/com/braintribe/gm/crypto-model/2.0.27/crypto-model-2.0.27.jar!/model-declaration.xml, jar:file:/__w/hiconic.platform.reflex/hiconic.platform.reflex/repo/com/braintribe/gm/data-editing-api-model/2.0.28/data-editing-api-model-2.0.28.jar!/model-declaration.xml, jar:file:/__w/hiconic.platform.reflex/hiconic.platform.reflex/repo/com/braintribe/gm/descriptive-model/2.0.25/descriptive-model-2.0.25.jar!/model-declaration.xml, jar:file:/__w/hiconic.platform.reflex/hiconic.platform.reflex/repo/com/braintribe/gm/essential-meta-data-model/2.0.39/essential-meta-data-model-2.0.39.jar!/model-declaration.xml, jar:file:/__w/hiconic.platform.reflex/hiconic.platform.reflex/repo/com/braintribe/gm/essential-reason-model/2.0.37/essential-reason-model-2.0.37.jar!/model-declaration.xml, jar:file:/__w/hiconic.platform.reflex/hiconic.platform.reflex/repo/com/braintribe/gm/folder-model/2.0.28/folder-model-2.0.28.jar!/model-declaration.xml, jar:file:/__w/hiconic.platform.reflex/hiconic.platform.reflex/repo/hiconic/platform/reflex/hibernate-test-model/1.0.5/hibernate-test-model-1.0.5.jar!/model-declaration.xml, jar:file:/__w/hiconic.platform.reflex/hiconic.platform.reflex/repo/com/braintribe/gm/i18n-model/2.0.27/i18n-model-2.0.27.jar!/model-declaration.xml, jar:file:/__w/hiconic.platform.reflex/hiconic.platform.reflex/repo/com/braintribe/gm/icon-model/2.0.25/icon-model-2.0.25.jar!/model-declaration.xml, jar:file:/__w/hiconic.platform.reflex/hiconic.platform.reflex/repo/com/braintribe/gm/legacy-workbench-model/2.0.31/legacy-workbench-model-2.0.31.jar!/model-declaration.xml, jar:file:/__w/hiconic.platform.reflex/hiconic.platform.reflex/repo/com/braintribe/gm/log-level-api-model/2.0.1/log-level-api-model-2.0.1.jar!/model-declaration.xml, jar:file:/__w/hiconic.platform.reflex/hiconic.platform.reflex/repo/com/braintribe/gm/logging-model/2.0.28/logging-model-2.0.28.jar!/model-declaration.xml, jar:file:/__w/hiconic.platform.reflex/hiconic.platform.reflex/repo/com/braintribe/gm/manipulation-model/2.0.31/manipulation-model-2.0.31.jar!/model-declaration.xml, jar:file:/__w/hiconic.platform.reflex/hiconic.platform.reflex/repo/com/braintribe/gm/marshaller-api-model/2.0.30/marshaller-api-model-2.0.30.jar!/model-declaration.xml, jar:file:/__w/hiconic.platform.reflex/hiconic.platform.reflex/repo/com/braintribe/gm/meta-data-model/2.0.29/meta-data-model-2.0.29.jar!/model-declaration.xml, jar:file:/__w/hiconic.platform.reflex/hiconic.platform.reflex/repo/com/braintribe/gm/meta-model/2.0.31/meta-model-2.0.31.jar!/model-declaration.xml, jar:file:/__w/hiconic.platform.reflex/hiconic.platform.reflex/repo/com/braintribe/gm/meta-model-api-model/2.0.6/meta-model-api-model-2.0.6.jar!/model-declaration.xml, jar:file:/__w/hiconic.platform.reflex/hiconic.platform.reflex/repo/com/braintribe/gm/model-environment-api-model/2.0.26/model-environment-api-model-2.0.26.jar!/model-declaration.xml, jar:file:/__w/hiconic.platform.reflex/hiconic.platform.reflex/repo/com/braintribe/gm/model-path-condition-model/2.0.30/model-path-condition-model-2.0.30.jar!/model-declaration.xml, jar:file:/__w/hiconic.platform.reflex/hiconic.platform.reflex/repo/com/braintribe/gm/model-path-model/2.0.28/model-path-model-2.0.28.jar!/model-declaration.xml, jar:file:/__w/hiconic.platform.reflex/hiconic.platform.reflex/repo/com/braintribe/gm/modeled-config-reason-model/2.0.27/modeled-config-reason-model-2.0.27.jar!/model-declaration.xml, jar:file:/__w/hiconic.platform.reflex/hiconic.platform.reflex/repo/com/braintribe/gm/owner-model/2.0.27/owner-model-2.0.27.jar!/model-declaration.xml, jar:file:/__w/hiconic.platform.reflex/hiconic.platform.reflex/inst/hiconic/platform/reflex/packaged-resource-model/1.0.1/packaged-resource-model-1.0.1.jar!/model-declaration.xml, jar:file:/__w/hiconic.platform.reflex/hiconic.platform.reflex/repo/com/braintribe/gm/pagination-model/2.0.25/pagination-model-2.0.25.jar!/model-declaration.xml, jar:file:/__w/hiconic.platform.reflex/hiconic.platform.reflex/repo/com/braintribe/gm/persistence-reflection-api-model/2.0.28/persistence-reflection-api-model-2.0.28.jar!/model-declaration.xml, jar:file:/__w/hiconic.platform.reflex/hiconic.platform.reflex/repo/com/braintribe/gm/query-model/2.0.28/query-model-2.0.28.jar!/model-declaration.xml, jar:file:/__w/hiconic.platform.reflex/hiconic.platform.reflex/repo/com/braintribe/gm/query-plan-model/2.0.30/query-plan-model-2.0.30.jar!/model-declaration.xml, jar:file:/__w/hiconic.platform.reflex/hiconic.platform.reflex/repo/com/braintribe/gm/reason-model/2.0.27/reason-model-2.0.27.jar!/model-declaration.xml, jar:file:/__w/hiconic.platform.reflex/hiconic.platform.reflex/repo/com/braintribe/gm/record-model/2.0.26/record-model-2.0.26.jar!/model-declaration.xml, jar:file:/__w/hiconic.platform.reflex/hiconic.platform.reflex/repo/hiconic/platform/reflex/reflex-app-configuration-model/1.0.1/reflex-app-configuration-model-1.0.1.jar!/model-declaration.xml, jar:file:/__w/hiconic.platform.reflex/hiconic.platform.reflex/repo/com/braintribe/gm/resource-api-commons-model/2.0.2/resource-api-commons-model-2.0.2.jar!/model-declaration.xml, jar:file:/__w/hiconic.platform.reflex/hiconic.platform.reflex/repo/com/braintribe/gm/resource-api-model/2.0.29/resource-api-model-2.0.29.jar!/model-declaration.xml, jar:file:/__w/hiconic.platform.reflex/hiconic.platform.reflex/repo/com/braintribe/gm/resource-model/2.0.28/resource-model-2.0.28.jar!/model-declaration.xml, jar:file:/__w/hiconic.platform.reflex/hiconic.platform.reflex/repo/hiconic/platform/reflex/resource-storage-api-model/1.0.3/resource-storage-api-model-1.0.3.jar!/model-declaration.xml, jar:file:/__w/hiconic.platform.reflex/hiconic.platform.reflex/repo/hiconic/platform/reflex/resource-storage-configuration-model/1.0.1/resource-storage-configuration-model-1.0.1.jar!/model-declaration.xml, jar:file:/__w/hiconic.platform.reflex/hiconic.platform.reflex/repo/com/braintribe/gm/root-model/2.0.27/root-model-2.0.27.jar!/model-declaration.xml, jar:file:/__w/hiconic.platform.reflex/hiconic.platform.reflex/repo/com/braintribe/gm/security-reason-model/2.0.29/security-reason-model-2.0.29.jar!/model-declaration.xml, jar:file:/__w/hiconic.platform.reflex/hiconic.platform.reflex/repo/com/braintribe/gm/security-service-api-model/2.0.40/security-service-api-model-2.0.40.jar!/model-declaration.xml, jar:file:/__w/hiconic.platform.reflex/hiconic.platform.reflex/repo/com/braintribe/gm/security-service-configuration-model/2.0.3/security-service-configuration-model-2.0.3.jar!/model-declaration.xml, jar:file:/__w/hiconic.platform.reflex/hiconic.platform.reflex/repo/com/braintribe/gm/selector-model/2.0.25/selector-model-2.0.25.jar!/model-declaration.xml, jar:file:/__w/hiconic.platform.reflex/hiconic.platform.reflex/repo/com/braintribe/gm/service-api-model/2.0.29/service-api-model-2.0.29.jar!/model-declaration.xml, jar:file:/__w/hiconic.platform.reflex/hiconic.platform.reflex/repo/hiconic/platform/reflex/service-processing-metadata-model/1.0.9/service-processing-metadata-model-1.0.9.jar!/model-declaration.xml, jar:file:/__w/hiconic.platform.reflex/hiconic.platform.reflex/repo/com/braintribe/gm/service-value-descriptor-model/2.0.26/service-value-descriptor-model-2.0.26.jar!/model-declaration.xml, jar:file:/__w/hiconic.platform.reflex/hiconic.platform.reflex/inst/hiconic/platform/reflex/smood-access-configuration-model/1.0.1/smood-access-configuration-model-1.0.1.jar!/model-declaration.xml, jar:file:/__w/hiconic.platform.reflex/hiconic.platform.reflex/repo/com/braintribe/gm/style-model/2.0.29/style-model-2.0.29.jar!/model-declaration.xml, jar:file:/__w/hiconic.platform.reflex/hiconic.platform.reflex/repo/com/braintribe/gm/template-model/2.0.26/template-model-2.0.26.jar!/model-declaration.xml, jar:file:/__w/hiconic.platform.reflex/hiconic.platform.reflex/repo/com/braintribe/gm/time-model/2.0.28/time-model-2.0.28.jar!/model-declaration.xml, jar:file:/__w/hiconic.platform.reflex/hiconic.platform.reflex/repo/com/braintribe/gm/transient-resource-model/2.0.30/transient-resource-model-2.0.30.jar!/model-declaration.xml, jar:file:/__w/hiconic.platform.reflex/hiconic.platform.reflex/repo/com/braintribe/gm/traversing-criteria-model/2.0.31/traversing-criteria-model-2.0.31.jar!/model-declaration.xml, jar:file:/__w/hiconic.platform.reflex/hiconic.platform.reflex/repo/com/braintribe/gm/type-condition-model/2.0.29/type-condition-model-2.0.29.jar!/model-declaration.xml, jar:file:/__w/hiconic.platform.reflex/hiconic.platform.reflex/repo/com/braintribe/gm/ui-theme-model/2.0.26/ui-theme-model-2.0.26.jar!/model-declaration.xml, jar:file:/__w/hiconic.platform.reflex/hiconic.platform.reflex/repo/com/braintribe/gm/user-model/2.0.27/user-model-2.0.27.jar!/model-declaration.xml, jar:file:/__w/hiconic.platform.reflex/hiconic.platform.reflex/repo/com/braintribe/gm/user-session-model/2.0.28/user-session-model-2.0.28.jar!/model-declaration.xml, jar:file:/__w/hiconic.platform.reflex/hiconic.platform.reflex/repo/com/braintribe/gm/value-descriptor-model/2.0.29/value-descriptor-model-2.0.29.jar!/model-declaration.xml]
21:22:53.164 [main] INFO hiconic.rx.platform.RxPlatform -- Application loaded
]]></system-out>
  </testcase>
  <system-out><![CDATA[]]></system-out>
  <system-err><![CDATA[]]></system-err>
</testsuite>
